-------------------------------------------------------------------------------
Test set: com.ecomplish.user_service.controller.UserControllerUnitTest
-------------------------------------------------------------------------------
Tests run: 4, Failures: 1, Errors: 2, Skipped: 0, Time elapsed: 0.732 s <<< FAILURE! - in com.ecomplish.user_service.controller.UserControllerUnitTest
testUpdateUser  Time elapsed: 0.603 s  <<< FAILURE!
org.mockito.exceptions.verification.WantedButNotInvoked: 

Wanted but not invoked:
cognitoClient.adminUpdateUserAttributes(
    <Capturing argument: AdminUpdateUserAttributesRequest>
);
-> at software.amazon.awssdk.services.cognitoidentityprovider.CognitoIdentityProviderClient.adminUpdateUserAttributes(CognitoIdentityProviderClient.java:4886)
Actually, there were zero interactions with this mock.

	at com.ecomplish.user_service.controller.UserControllerUnitTest.testUpdateUser(UserControllerUnitTest.java:53)

testChangePassword  Time elapsed: 0.072 s  <<< ERROR!
org.mockito.exceptions.base.MockitoException: 

Only void methods can doNothing()!
Example of correct use of doNothing():
    doNothing().
    doThrow(new RuntimeException())
    .when(mock).someVoidMethod();
Above means:
someVoidMethod() does nothing the 1st time but throws an exception the 2nd time is called
	at com.ecomplish.user_service.controller.UserControllerUnitTest.testChangePassword(UserControllerUnitTest.java:78)

testConfirmUser  Time elapsed: 0.012 s  <<< ERROR!
java.lang.NullPointerException: Cannot invoke "org.springframework.http.ResponseEntity.getStatusCode()" because "responseEntity" is null
	at com.ecomplish.user_service.controller.UserControllerUnitTest.testConfirmUser(UserControllerUnitTest.java:103)

