-------------------------------------------------------------------------------
Test set: com.ecomplish.user_service.controller.UserControllerIntegrationTest
-------------------------------------------------------------------------------
Tests run: 11, Failures: 1, Errors: 0, Skipped: 0, Time elapsed: 5.965 s <<< FAILURE! - in com.ecomplish.user_service.controller.UserControllerIntegrationTest
testConfirmUser  Time elapsed: 0.082 s  <<< FAILURE!
java.lang.AssertionError: Status expected:<200> but was:<500>
	at com.ecomplish.user_service.controller.UserControllerIntegrationTest.testConfirmUser(UserControllerIntegrationTest.java:62)

