-------------------------------------------------------------------------------
Test set: com.ecomplish.user_service.UserServiceApplicationTests
-------------------------------------------------------------------------------
Tests run: 1, Failures: 0, Errors: 1, Skipped: 0, Time elapsed: 0.418 s <<< FAILURE! - in com.ecomplish.user_service.UserServiceApplicationTests
contextLoads  Time elapsed: 0 s  <<< ERROR!
java.lang.IllegalStateException: Failed to load ApplicationContext
Caused by: org.springframework.beans.factory.BeanCreationException: Error creating bean with name 'userController': Injection of autowired dependencies failed; nested exception is java.lang.IllegalArgumentException: Could not resolve placeholder 'USER_POOL_ID' in value "${USER_POOL_ID}"
Caused by: java.lang.IllegalArgumentException: Could not resolve placeholder 'USER_POOL_ID' in value "${USER_POOL_ID}"

