<?xml version="1.0" encoding="UTF-8"?>
<testsuite xmlns:xsi="http://www.w3.org/2001/XMLSchema-instance" xsi:noNamespaceSchemaLocation="https://maven.apache.org/surefire/maven-surefire-plugin/xsd/surefire-test-report.xsd" name="com.ecomplish.user_service.service.UserServiceTest" time="0.499" tests="19" errors="0" skipped="0" failures="0">
  <properties>
[...]
</properties>
  <testcase name="testUserFailure" classname="com.ecomplish.user_service.service.UserServiceTest" time="0.033"/>
  <testcase name="testGetAccessTokenFailure" classname="com.ecomplish.user_service.service.UserServiceTest" time="0.011"/>
  <testcase name="testSignupURLFailure" classname="com.ecomplish.user_service.service.UserServiceTest" time="0.174"/>
  <testcase name="testLogoutURLSuccess" classname="com.ecomplish.user_service.service.UserServiceTest" time="0.106"/>
  <testcase name="testVerifyAccessTokenSuccess" classname="com.ecomplish.user_service.service.UserServiceTest" time="0.037"/>
  <testcase name="testUpdateUserSuccess" classname="com.ecomplish.user_service.service.UserServiceTest" time="0.027"/>
  <testcase name="testLogoutURLFailure" classname="com.ecomplish.user_service.service.UserServiceTest" time="0.002"/>
  <testcase name="testChangePasswordSuccess" classname="com.ecomplish.user_service.service.UserServiceTest" time="0.025"/>
  <testcase name="testLoginUrlSuccess" classname="com.ecomplish.user_service.service.UserServiceTest" time="0.003"/>
  <testcase name="testVerifyAccessTokenFailure" classname="com.ecomplish.user_service.service.UserServiceTest" time="0.002"/>
  <testcase name="testUpdateUserFailure" classname="com.ecomplish.user_service.service.UserServiceTest" time="0.001"/>
  <testcase name="testChangePasswordFailure" classname="com.ecomplish.user_service.service.UserServiceTest" time="0.001"/>
  <testcase name="testDeleteUserSuccess" classname="com.ecomplish.user_service.service.UserServiceTest" time="0.026"/>
  <testcase name="testDeleteUserFailure" classname="com.ecomplish.user_service.service.UserServiceTest" time="0.001"/>
  <testcase name="testUserIdSuccess" classname="com.ecomplish.user_service.service.UserServiceTest" time="0.003"/>
  <testcase name="testUserSuccess" classname="com.ecomplish.user_service.service.UserServiceTest" time="0.001"/>
  <testcase name="testSignupURLSuccess" classname="com.ecomplish.user_service.service.UserServiceTest" time="0.002"/>
  <testcase name="testUserIdFailure" classname="com.ecomplish.user_service.service.UserServiceTest" time="0.001"/>
  <testcase name="testLoginURLFailure" classname="com.ecomplish.user_service.service.UserServiceTest" time="0.002"/>
</testsuite>