<?xml version="1.0" encoding="UTF-8"?>
<testsuite xmlns:xsi="http://www.w3.org/2001/XMLSchema-instance" xsi:noNamespaceSchemaLocation="https://maven.apache.org/surefire/maven-surefire-plugin/xsd/surefire-test-report.xsd" name="com.ecomplish.user_service.controller.UserControllerUnitTest" time="0.732" tests="4" errors="2" skipped="0" failures="1">
  <properties>
[...]
</properties>
  <testcase name="testUpdateUser" classname="com.ecomplish.user_service.controller.UserControllerUnitTest" time="0.603">
    <failure message="&#10;Wanted but not invoked:&#10;cognitoClient.adminUpdateUserAttributes(&#10;    &lt;Capturing argument: AdminUpdateUserAttributesRequest&gt;&#10;);&#10;-&gt; at software.amazon.awssdk.services.cognitoidentityprovider.CognitoIdentityProviderClient.adminUpdateUserAttributes(CognitoIdentityProviderClient.java:4886)&#10;Actually, there were zero interactions with this mock.&#10;" type="org.mockito.exceptions.verification.WantedButNotInvoked"><![CDATA[org.mockito.exceptions.verification.WantedButNotInvoked: 

Wanted but not invoked:
cognitoClient.adminUpdateUserAttributes(
    <Capturing argument: AdminUpdateUserAttributesRequest>
);
-> at software.amazon.awssdk.services.cognitoidentityprovider.CognitoIdentityProviderClient.adminUpdateUserAttributes(CognitoIdentityProviderClient.java:4886)
Actually, there were zero interactions with this mock.

	at com.ecomplish.user_service.controller.UserControllerUnitTest.testUpdateUser(UserControllerUnitTest.java:53)
]]></failure>
    <system-out><![CDATA[2024-03-15 12:36:56.922  INFO 25300 --- [           main] c.e.u.controller.UserController          : UserPoolId must not be null
]]></system-out>
  </testcase>
  <testcase name="testChangePassword" classname="com.ecomplish.user_service.controller.UserControllerUnitTest" time="0.072">
    <error message="&#10;Only void methods can doNothing()!&#10;Example of correct use of doNothing():&#10;    doNothing().&#10;    doThrow(new RuntimeException())&#10;    .when(mock).someVoidMethod();&#10;Above means:&#10;someVoidMethod() does nothing the 1st time but throws an exception the 2nd time is called" type="org.mockito.exceptions.base.MockitoException">org.mockito.exceptions.base.MockitoException: 

Only void methods can doNothing()!
Example of correct use of doNothing():
    doNothing().
    doThrow(new RuntimeException())
    .when(mock).someVoidMethod();
Above means:
someVoidMethod() does nothing the 1st time but throws an exception the 2nd time is called
	at com.ecomplish.user_service.controller.UserControllerUnitTest.testChangePassword(UserControllerUnitTest.java:78)
</error>
  </testcase>
  <testcase name="testConfirmUser" classname="com.ecomplish.user_service.controller.UserControllerUnitTest" time="0.012">
    <error message="Cannot invoke &quot;org.springframework.http.ResponseEntity.getStatusCode()&quot; because &quot;responseEntity&quot; is null" type="java.lang.NullPointerException">java.lang.NullPointerException: Cannot invoke "org.springframework.http.ResponseEntity.getStatusCode()" because "responseEntity" is null
	at com.ecomplish.user_service.controller.UserControllerUnitTest.testConfirmUser(UserControllerUnitTest.java:103)
</error>
  </testcase>
  <testcase name="testGetAccessToken" classname="com.ecomplish.user_service.controller.UserControllerUnitTest" time="0.043"/>
</testsuite>